Sencha Cmd 7.4.0.39 - Crash report
================================================
An error occurred while executing the following command: package build

Diagnostic information:
=======================
                        app.sass.dynamic : true                                              
                    buildenvironment.dir : /Users/johan/SourceVaultGit/enovision/Sencha/apps/packages/font-line-awesome
               buildenvironment.load.dir : /Users/johan/SourceVaultGit/enovision/Sencha/apps/packages/font-line-awesome
                          cmd.config.dir : /Users/johan/bin/Sencha/Cmd/7.4.0.39              
                                 cmd.dir : /Users/johan/bin/Sencha/Cmd/7.4.0.39              
                    cmd.framework.minver : 5.5.0                                             
                   cmd.framework.version : 99.99                                             
              cmd.merge.tool.args.araxis : -wait -merge -3 -a1 {base} {user} {generated} {out}
              cmd.merge.tool.args.kdiff3 : {base} {user} {generated} -o {out}                
             cmd.merge.tool.args.p4merge : {base} {user} {generated} {out}                   
           cmd.merge.tool.args.smartsync : {user} {generated} {base}                         
          cmd.merge.tool.args.sourcegear : --merge --result={out} {user} {base} {generated}  
            cmd.merge.tool.args.tortoise : -base:{base} -theirs:{generated} -mine:{user} -merged:{out}
                              cmd.minver : 3.0.0.0                                           
                            cmd.platform : osx                                               
                     cmd.unicode.escapes : /Users/johan/bin/Sencha/Cmd/7.4.0.39/unicode-escapes.json
                             cmd.version : 7.4.0.39                                          
                            cmd.web.port : 1841                                              
                     config.skipDownload : false                                             
                      config.skipInherit : true                                              
                        ext.license.name : commercial                                        
                     framework.build.dir : ${package.output.base}                            
                     framework.classpath : /Users/johan/SourceVaultGit/enovision/Sencha/apps/packages/font-line-awesome/src
                    framework.cmd.minver : 7.3.0.20                                          
                   framework.cmd.version : 7.3.0.20                                          
                 framework.compatVersion : 7.3.0                                             
                    framework.config.dir : /Users/johan/bin/Sencha/Cmd/7.4.0.39/plugins/ext/current
                       framework.creator : Sencha                                            
           framework.detailedDescription : Sencha Ext JS JavaScript Framework                
                           framework.dir : /Users/johan/SourceVaultGit/enovision/Sencha/apps/ext
                  framework.example.apps : admin-dashboard,executive-dashboard,feed-viewer,kitchensink,calendar,classic/desktop,classic/ticket-app,classic/portal,classic/simple-tasks,classic/responsive-app,classic/aria,modern/addressbook,modern/blackberry,modern/energy,modern/stockapp,modern/states,modern/geocongress,modern/oreilly
                framework.example.apps.0 : admin-dashboard                                   
                framework.example.apps.1 : executive-dashboard                               
               framework.example.apps.10 : classic/aria                                      
               framework.example.apps.11 : modern/addressbook                                
               framework.example.apps.12 : modern/blackberry                                 
               framework.example.apps.13 : modern/energy                                     
               framework.example.apps.14 : modern/stockapp                                   
               framework.example.apps.15 : modern/states                                     
               framework.example.apps.16 : modern/geocongress                                
               framework.example.apps.17 : modern/oreilly                                    
                framework.example.apps.2 : feed-viewer                                       
                framework.example.apps.3 : kitchensink                                       
                framework.example.apps.4 : calendar                                          
                framework.example.apps.5 : classic/desktop                                   
                framework.example.apps.6 : classic/ticket-app                                
                framework.example.apps.7 : classic/portal                                    
                framework.example.apps.8 : classic/simple-tasks                              
                framework.example.apps.9 : classic/responsive-app                            
           framework.example.apps.length : 18                                                
                  framework.example.path : examples,templates                                
                framework.example.path.0 : examples                                          
                framework.example.path.1 : templates                                         
           framework.example.path.length : 2                                                 
                        framework.format : 1                                                 
                          framework.isV5 : true                                              
                          framework.isV6 : true                                              
                         framework.isV62 : true                                              
                         framework.isV65 : true                                              
     framework.language.js.input.version : ES5                                               
                          framework.name : ext                                               
                     framework.namespace : Ext                                               
                        framework.output : /Users/johan/SourceVaultGit/enovision/Sencha/apps/packages/font-line-awesome/build
                     framework.overrides : /Users/johan/SourceVaultGit/enovision/Sencha/apps/packages/font-line-awesome/overrides
                  framework.packages.dir : /Users/johan/SourceVaultGit/enovision/Sencha/apps/ext/packages/,/Users/johan/SourceVaultGit/enovision/Sencha/apps/ext/classic
                framework.resource.paths : resources                                         
              framework.resource.paths.0 : resources                                         
         framework.resource.paths.length : 1                                                 
                      framework.sass.etc : /Users/johan/SourceVaultGit/enovision/Sencha/apps/packages/font-line-awesome/sass/etc/all.scss
                  framework.sass.fashion : true                                              
                framework.sass.namespace : Ext                                               
                      framework.sass.src : /Users/johan/SourceVaultGit/enovision/Sencha/apps/packages/font-line-awesome/sass/src
                      framework.sass.var : /Users/johan/SourceVaultGit/enovision/Sencha/apps/packages/font-line-awesome/sass/var
        framework.signatures.0.algorithm : SHA1withRSA                                       
          framework.signatures.0.created : 2020-10-12T05:07:36Z                              
             framework.signatures.0.name : Sencha                                            
            framework.signatures.0.nonce : Bd7GlnBtnXw=                                      
        framework.signatures.0.signature : ogBbgeNw8Z0EHHAgKjRsaeCli8jQyeAVpvlGp4cxr3ekkN4MEsmwTt2Nl51vT9J9WLZd/anRTaA23YBSl8SMD86QUMDG5BdGHW9Do/CVpCeHd9q3RxlwLkdge0f+k5LNvDAy2z1XrnmXh/fM4ZZYdEAyF2D5mJoNC3kFYt7G7OndmtikzWqTNYtXtUR1LNF6mSeb2QaHs948VEUBeR3pherKJ4JH76zj0A6aYKlhSBhPd8ZH7s6MN6eAYJZpk/gZJq2yHC3PaIXPpGpGdAAFSiJCgtP9SqZNWpFcFlaPGhN1q8cQMp2lm/8xc5mtE8hWCCRTgi7DZVNeSjRCR5ipjA==
             framework.signatures.0.uuid : 1d6b0d9c-3333-4e65-885f-5b07a1fc3198              
             framework.signatures.length : 1                                                 
                   framework.subpkgs.dir : /Users/johan/SourceVaultGit/enovision/Sencha/apps/packages/font-line-awesome
              framework.subpkgs.packages : classic/classic,modern/modern,packages/charts,packages/amf,packages/soap,packages/ux,packages/google,packages/legacy,packages/font-awesome,packages/font-pictos,packages/font-ext
            framework.subpkgs.packages.0 : classic/classic                                   
            framework.subpkgs.packages.1 : modern/modern                                     
           framework.subpkgs.packages.10 : packages/font-ext                                 
            framework.subpkgs.packages.2 : packages/charts                                   
            framework.subpkgs.packages.3 : packages/amf                                      
            framework.subpkgs.packages.4 : packages/soap                                     
            framework.subpkgs.packages.5 : packages/ux                                       
            framework.subpkgs.packages.6 : packages/google                                   
            framework.subpkgs.packages.7 : packages/legacy                                   
            framework.subpkgs.packages.8 : packages/font-awesome                             
            framework.subpkgs.packages.9 : packages/font-pictos                              
       framework.subpkgs.packages.length : 11                                                
                       framework.summary : Ext JS                                            
                          framework.type : framework                                         
                       framework.version : 7.3.1.27                                          
                       inspector.address : http://localhost:1839/                            
                      package.base.names :                                                   
                   package.base.packages :                                                   
                       package.classpath : /Users/johan/SourceVaultGit/enovision/Sencha/apps/packages/font-line-awesome/src
                   package.compatVersion : 1.0.0                                             
                      package.config.dir : /Users/johan/bin/Sencha/Cmd/7.4.0.39/ant/build/package
                         package.creator : enovision                                         
             package.detailedDescription : Font Lineawesome icon package                     
                             package.dir : /Users/johan/SourceVaultGit/enovision/Sencha/apps/packages/font-line-awesome
                          package.format : 1                                                 
                       package.framework : ext                                               
                            package.name : font-line-awesome                                 
                       package.namespace : FontLineAwesome                                   
                          package.output : /Users/johan/SourceVaultGit/enovision/Sencha/apps/packages/font-line-awesome/build
                       package.overrides : /Users/johan/SourceVaultGit/enovision/Sencha/apps/packages/font-line-awesome/overrides
                  package.requires.names : ext,core,classic,theme-base,theme-neutral,theme-classic
               package.requires.packages : /Users/johan/SourceVaultGit/enovision/Sencha/apps/ext,/Users/johan/SourceVaultGit/enovision/Sencha/apps/ext/packages/core,/Users/johan/SourceVaultGit/enovision/Sencha/apps/ext/classic/classic,/Users/johan/SourceVaultGit/enovision/Sencha/apps/ext/classic/theme-base,/Users/johan/SourceVaultGit/enovision/Sencha/apps/ext/classic/theme-neutral,/Users/johan/SourceVaultGit/enovision/Sencha/apps/ext/classic/theme-classic
                  package.resource.paths :                                                   
                    package.sass.dynamic : true                                              
                        package.sass.etc : /Users/johan/SourceVaultGit/enovision/Sencha/apps/packages/font-line-awesome/sass/etc/all.scss
                    package.sass.fashion : true                                              
                  package.sass.namespace : Font.line.awesome                                 
                        package.sass.src : /Users/johan/SourceVaultGit/enovision/Sencha/apps/packages/font-line-awesome/sass/src,/Users/johan/SourceVaultGit/enovision/Sencha/apps/packages/font-line-awesome/sass/src/all.scss
                      package.sass.src.0 : /Users/johan/SourceVaultGit/enovision/Sencha/apps/packages/font-line-awesome/sass/src
                      package.sass.src.1 : /Users/johan/SourceVaultGit/enovision/Sencha/apps/packages/font-line-awesome/sass/src/all.scss
                 package.sass.src.length : 2                                                 
                        package.sass.var : /Users/johan/SourceVaultGit/enovision/Sencha/apps/packages/font-line-awesome/sass/var
                         package.summary : Font Lineawesome icon package                     
                           package.theme : ext-theme-classic                                 
                         package.toolkit : classic                                           
                            package.type : code                                              
                         package.version : 2.2.9                                             
                          repo.local.dir : /Users/johan/bin/Sencha/Cmd/repo                  
                       shared.sencha.dir : true                                              
        system.java.net.useSystemProxies : true                                              
                              theme.name : ext-theme-classic                                 
                            toolkit.name : classic                                           
                          workspace.apps : Demo,Viewer                                       
                        workspace.apps.0 : Demo                                              
                        workspace.apps.1 : Viewer                                            
                   workspace.apps.length : 2                                                 
                     workspace.build.dir : /Users/johan/SourceVaultGit/enovision/Sencha/apps/build/packages
                    workspace.config.dir : /Users/johan/bin/Sencha/Cmd/7.4.0.39/ant/build/workspace
                           workspace.dir : /Users/johan/SourceVaultGit/enovision/Sencha/apps 
           workspace.frameworks.ext.path : /Users/johan/SourceVaultGit/enovision/Sencha/apps/ext
        workspace.frameworks.ext.version : 7.3.1.27                                          
                  workspace.packages.dir : /Users/johan/SourceVaultGit/enovision/Sencha/apps/packages
              workspace.packages.extract : /Users/johan/SourceVaultGit/enovision/Sencha/apps/packages/remote

Exception information:
=======================
/Users/johan/bin/Sencha/Cmd/7.4.0.39/plugins/package.plugin.xml:160: The following error occurred while executing this line:
java.io.FileNotFoundException: /Users/johan/SourceVaultGit/enovision/Sencha/apps/packages/font-line-awesome/build.xml (No such file or directory)
     at com.sencha.ant.AntScript.execute(AntScript.java:121)
     at com.sencha.command.plugin.PluginManager.execute(PluginManager.java:104)
     at com.sencha.command.plugin.PluginManager.executeReverseFirst(PluginManager.java:145)
     at com.sencha.command.environment.BuildEnvironment.execute(BuildEnvironment.java:309)
     at com.sencha.command.environment.AppOrPackageEnvironment.execute(AppOrPackageEnvironment.java:729)
     at com.sencha.command.pkg.BuildCommand.execute(BuildCommand.java:170)
     at sun.reflect.NativeMethodAccessorImpl.invoke0(Native Method)
     at sun.reflect.NativeMethodAccessorImpl.invoke(NativeMethodAccessorImpl.java:62)
     at sun.reflect.DelegatingMethodAccessorImpl.invoke(DelegatingMethodAccessorImpl.java:43)
     at java.lang.reflect.Method.invoke(Method.java:498)
     at com.sencha.util.MethodInvoker$Arguments.invoke(MethodInvoker.java:175)
     at com.sencha.cli.Command.dispatch(Command.java:43)
     at com.sencha.cli.Commands.dispatch(Commands.java:64)
     at com.sencha.cli.Commands.dispatch(Commands.java:64)
     at com.sencha.command.Sencha.dispatch(Sencha.java:80)
     at com.sencha.command.Sencha.main(Sencha.java:151)
     at sun.reflect.NativeMethodAccessorImpl.invoke0(Native Method)
     at sun.reflect.NativeMethodAccessorImpl.invoke(NativeMethodAccessorImpl.java:62)
     at sun.reflect.DelegatingMethodAccessorImpl.invoke(DelegatingMethodAccessorImpl.java:43)
     at java.lang.reflect.Method.invoke(Method.java:498)
     at com.exe4j.runtime.LauncherEngine.launch(LauncherEngine.java:84)
     at com.install4j.runtime.launcher.UnixLauncher.start(UnixLauncher.java:66)
     at install4j.com.sencha.command.Sencha.main(Unknown Source)
   Caused by: The following error occurred while executing this line:
java.io.FileNotFoundException: /Users/johan/SourceVaultGit/enovision/Sencha/apps/packages/font-line-awesome/build.xml (No such file or directory)
     at org.apache.tools.ant.ProjectHelper.addLocationToBuildException(ProjectHelper.java:551)
     at org.apache.tools.ant.taskdefs.Ant.execute(Ant.java:395)
     at org.apache.tools.ant.UnknownElement.execute(UnknownElement.java:291)
     at sun.reflect.NativeMethodAccessorImpl.invoke0(Native Method)
     at sun.reflect.NativeMethodAccessorImpl.invoke(NativeMethodAccessorImpl.java:62)
     at sun.reflect.DelegatingMethodAccessorImpl.invoke(DelegatingMethodAccessorImpl.java:43)
     at java.lang.reflect.Method.invoke(Method.java:498)
     at org.apache.tools.ant.dispatch.DispatchUtils.execute(DispatchUtils.java:106)
     at org.apache.tools.ant.Task.perform(Task.java:348)
     at org.apache.tools.ant.taskdefs.Sequential.execute(Sequential.java:68)
     at net.sf.antcontrib.logic.IfTask.execute(IfTask.java:217)
     at sun.reflect.NativeMethodAccessorImpl.invoke0(Native Method)
     at sun.reflect.NativeMethodAccessorImpl.invoke(NativeMethodAccessorImpl.java:62)
     at sun.reflect.DelegatingMethodAccessorImpl.invoke(DelegatingMethodAccessorImpl.java:43)
     at java.lang.reflect.Method.invoke(Method.java:498)
     at org.apache.tools.ant.dispatch.DispatchUtils.execute(DispatchUtils.java:106)
     at org.apache.tools.ant.TaskAdapter.execute(TaskAdapter.java:154)
     at org.apache.tools.ant.UnknownElement.execute(UnknownElement.java:291)
     at sun.reflect.NativeMethodAccessorImpl.invoke0(Native Method)
     at sun.reflect.NativeMethodAccessorImpl.invoke(NativeMethodAccessorImpl.java:62)
     at sun.reflect.DelegatingMethodAccessorImpl.invoke(DelegatingMethodAccessorImpl.java:43)
     at java.lang.reflect.Method.invoke(Method.java:498)
     at org.apache.tools.ant.dispatch.DispatchUtils.execute(DispatchUtils.java:106)
     at org.apache.tools.ant.Task.perform(Task.java:348)
     at org.apache.tools.ant.Target.execute(Target.java:392)
     at org.apache.tools.ant.Target.performTasks(Target.java:413)
     at org.apache.tools.ant.Project.executeSortedTargets(Project.java:1399)
     at org.apache.tools.ant.Project.executeTarget(Project.java:1368)
     at org.apache.tools.ant.helper.DefaultExecutor.executeTargets(DefaultExecutor.java:41)
     at org.apache.tools.ant.Project.executeTargets(Project.java:1251)
     at com.sencha.ant.AntScript.execute(AntScript.java:117)
     at com.sencha.command.plugin.PluginManager.execute(PluginManager.java:104)
     at com.sencha.command.plugin.PluginManager.executeReverseFirst(PluginManager.java:145)
     at com.sencha.command.environment.BuildEnvironment.execute(BuildEnvironment.java:309)
     at com.sencha.command.environment.AppOrPackageEnvironment.execute(AppOrPackageEnvironment.java:729)
     at com.sencha.command.pkg.BuildCommand.execute(BuildCommand.java:170)
     at sun.reflect.NativeMethodAccessorImpl.invoke0(Native Method)
     at sun.reflect.NativeMethodAccessorImpl.invoke(NativeMethodAccessorImpl.java:62)
     at sun.reflect.DelegatingMethodAccessorImpl.invoke(DelegatingMethodAccessorImpl.java:43)
     at java.lang.reflect.Method.invoke(Method.java:498)
     at com.sencha.util.MethodInvoker$Arguments.invoke(MethodInvoker.java:175)
     at com.sencha.cli.Command.dispatch(Command.java:43)
     at com.sencha.cli.Commands.dispatch(Commands.java:64)
     at com.sencha.cli.Commands.dispatch(Commands.java:64)
     at com.sencha.command.Sencha.dispatch(Sencha.java:80)
     at com.sencha.command.Sencha.main(Sencha.java:151)
     at sun.reflect.NativeMethodAccessorImpl.invoke0(Native Method)
     at sun.reflect.NativeMethodAccessorImpl.invoke(NativeMethodAccessorImpl.java:62)
     at sun.reflect.DelegatingMethodAccessorImpl.invoke(DelegatingMethodAccessorImpl.java:43)
     at java.lang.reflect.Method.invoke(Method.java:498)
     at com.exe4j.runtime.LauncherEngine.launch(LauncherEngine.java:84)
     at com.install4j.runtime.launcher.UnixLauncher.start(UnixLauncher.java:66)
     at install4j.com.sencha.command.Sencha.main(Unknown Source)
   Caused by: java.io.FileNotFoundException: /Users/johan/SourceVaultGit/enovision/Sencha/apps/packages/font-line-awesome/build.xml (No such file or directory)
     at org.apache.tools.ant.helper.ProjectHelper2.parse(ProjectHelper2.java:328)
     at org.apache.tools.ant.helper.ProjectHelper2.parse(ProjectHelper2.java:178)
     at org.apache.tools.ant.ProjectHelper.configureProject(ProjectHelper.java:82)
     at org.apache.tools.ant.taskdefs.Ant.execute(Ant.java:393)
     at org.apache.tools.ant.UnknownElement.execute(UnknownElement.java:291)
     at sun.reflect.NativeMethodAccessorImpl.invoke0(Native Method)
     at sun.reflect.NativeMethodAccessorImpl.invoke(NativeMethodAccessorImpl.java:62)
     at sun.reflect.DelegatingMethodAccessorImpl.invoke(DelegatingMethodAccessorImpl.java:43)
     at java.lang.reflect.Method.invoke(Method.java:498)
     at org.apache.tools.ant.dispatch.DispatchUtils.execute(DispatchUtils.java:106)
     at org.apache.tools.ant.Task.perform(Task.java:348)
     at org.apache.tools.ant.taskdefs.Sequential.execute(Sequential.java:68)
     at net.sf.antcontrib.logic.IfTask.execute(IfTask.java:217)
     at sun.reflect.NativeMethodAccessorImpl.invoke0(Native Method)
     at sun.reflect.NativeMethodAccessorImpl.invoke(NativeMethodAccessorImpl.java:62)
     at sun.reflect.DelegatingMethodAccessorImpl.invoke(DelegatingMethodAccessorImpl.java:43)
     at java.lang.reflect.Method.invoke(Method.java:498)
     at org.apache.tools.ant.dispatch.DispatchUtils.execute(DispatchUtils.java:106)
     at org.apache.tools.ant.TaskAdapter.execute(TaskAdapter.java:154)
     at org.apache.tools.ant.UnknownElement.execute(UnknownElement.java:291)
     at sun.reflect.NativeMethodAccessorImpl.invoke0(Native Method)
     at sun.reflect.NativeMethodAccessorImpl.invoke(NativeMethodAccessorImpl.java:62)
     at sun.reflect.DelegatingMethodAccessorImpl.invoke(DelegatingMethodAccessorImpl.java:43)
     at java.lang.reflect.Method.invoke(Method.java:498)
     at org.apache.tools.ant.dispatch.DispatchUtils.execute(DispatchUtils.java:106)
     at org.apache.tools.ant.Task.perform(Task.java:348)
     at org.apache.tools.ant.Target.execute(Target.java:392)
     at org.apache.tools.ant.Target.performTasks(Target.java:413)
     at org.apache.tools.ant.Project.executeSortedTargets(Project.java:1399)
     at org.apache.tools.ant.Project.executeTarget(Project.java:1368)
     at org.apache.tools.ant.helper.DefaultExecutor.executeTargets(DefaultExecutor.java:41)
     at org.apache.tools.ant.Project.executeTargets(Project.java:1251)
     at com.sencha.ant.AntScript.execute(AntScript.java:117)
     at com.sencha.command.plugin.PluginManager.execute(PluginManager.java:104)
     at com.sencha.command.plugin.PluginManager.executeReverseFirst(PluginManager.java:145)
     at com.sencha.command.environment.BuildEnvironment.execute(BuildEnvironment.java:309)
     at com.sencha.command.environment.AppOrPackageEnvironment.execute(AppOrPackageEnvironment.java:729)
     at com.sencha.command.pkg.BuildCommand.execute(BuildCommand.java:170)
     at sun.reflect.NativeMethodAccessorImpl.invoke0(Native Method)
     at sun.reflect.NativeMethodAccessorImpl.invoke(NativeMethodAccessorImpl.java:62)
     at sun.reflect.DelegatingMethodAccessorImpl.invoke(DelegatingMethodAccessorImpl.java:43)
     at java.lang.reflect.Method.invoke(Method.java:498)
     at com.sencha.util.MethodInvoker$Arguments.invoke(MethodInvoker.java:175)
     at com.sencha.cli.Command.dispatch(Command.java:43)
     at com.sencha.cli.Commands.dispatch(Commands.java:64)
     at com.sencha.cli.Commands.dispatch(Commands.java:64)
     at com.sencha.command.Sencha.dispatch(Sencha.java:80)
     at com.sencha.command.Sencha.main(Sencha.java:151)
     at sun.reflect.NativeMethodAccessorImpl.invoke0(Native Method)
     at sun.reflect.NativeMethodAccessorImpl.invoke(NativeMethodAccessorImpl.java:62)
     at sun.reflect.DelegatingMethodAccessorImpl.invoke(DelegatingMethodAccessorImpl.java:43)
     at java.lang.reflect.Method.invoke(Method.java:498)
     at com.exe4j.runtime.LauncherEngine.launch(LauncherEngine.java:84)
     at com.install4j.runtime.launcher.UnixLauncher.start(UnixLauncher.java:66)
     at install4j.com.sencha.command.Sencha.main(Unknown Source)
   Caused by: /Users/johan/SourceVaultGit/enovision/Sencha/apps/packages/font-line-awesome/build.xml (No such file or directory)
     at java.io.FileInputStream.open0(Native Method)
     at java.io.FileInputStream.open(FileInputStream.java:195)
     at java.io.FileInputStream.<init>(FileInputStream.java:138)
     at org.apache.tools.ant.helper.ProjectHelper2.parse(ProjectHelper2.java:278)
     at org.apache.tools.ant.helper.ProjectHelper2.parse(ProjectHelper2.java:178)
     at org.apache.tools.ant.ProjectHelper.configureProject(ProjectHelper.java:82)
     at org.apache.tools.ant.taskdefs.Ant.execute(Ant.java:393)
     at org.apache.tools.ant.UnknownElement.execute(UnknownElement.java:291)
     at sun.reflect.NativeMethodAccessorImpl.invoke0(Native Method)
     at sun.reflect.NativeMethodAccessorImpl.invoke(NativeMethodAccessorImpl.java:62)
     at sun.reflect.DelegatingMethodAccessorImpl.invoke(DelegatingMethodAccessorImpl.java:43)
     at java.lang.reflect.Method.invoke(Method.java:498)
     at org.apache.tools.ant.dispatch.DispatchUtils.execute(DispatchUtils.java:106)
     at org.apache.tools.ant.Task.perform(Task.java:348)
     at org.apache.tools.ant.taskdefs.Sequential.execute(Sequential.java:68)
     at net.sf.antcontrib.logic.IfTask.execute(IfTask.java:217)
     at sun.reflect.NativeMethodAccessorImpl.invoke0(Native Method)
     at sun.reflect.NativeMethodAccessorImpl.invoke(NativeMethodAccessorImpl.java:62)
     at sun.reflect.DelegatingMethodAccessorImpl.invoke(DelegatingMethodAccessorImpl.java:43)
     at java.lang.reflect.Method.invoke(Method.java:498)
     at org.apache.tools.ant.dispatch.DispatchUtils.execute(DispatchUtils.java:106)
     at org.apache.tools.ant.TaskAdapter.execute(TaskAdapter.java:154)
     at org.apache.tools.ant.UnknownElement.execute(UnknownElement.java:291)
     at sun.reflect.NativeMethodAccessorImpl.invoke0(Native Method)
     at sun.reflect.NativeMethodAccessorImpl.invoke(NativeMethodAccessorImpl.java:62)
     at sun.reflect.DelegatingMethodAccessorImpl.invoke(DelegatingMethodAccessorImpl.java:43)
     at java.lang.reflect.Method.invoke(Method.java:498)
     at org.apache.tools.ant.dispatch.DispatchUtils.execute(DispatchUtils.java:106)
     at org.apache.tools.ant.Task.perform(Task.java:348)
     at org.apache.tools.ant.Target.execute(Target.java:392)
     at org.apache.tools.ant.Target.performTasks(Target.java:413)
     at org.apache.tools.ant.Project.executeSortedTargets(Project.java:1399)
     at org.apache.tools.ant.Project.executeTarget(Project.java:1368)
     at org.apache.tools.ant.helper.DefaultExecutor.executeTargets(DefaultExecutor.java:41)
     at org.apache.tools.ant.Project.executeTargets(Project.java:1251)
     at com.sencha.ant.AntScript.execute(AntScript.java:117)
     at com.sencha.command.plugin.PluginManager.execute(PluginManager.java:104)
     at com.sencha.command.plugin.PluginManager.executeReverseFirst(PluginManager.java:145)
     at com.sencha.command.environment.BuildEnvironment.execute(BuildEnvironment.java:309)
     at com.sencha.command.environment.AppOrPackageEnvironment.execute(AppOrPackageEnvironment.java:729)
     at com.sencha.command.pkg.BuildCommand.execute(BuildCommand.java:170)
     at sun.reflect.NativeMethodAccessorImpl.invoke0(Native Method)
     at sun.reflect.NativeMethodAccessorImpl.invoke(NativeMethodAccessorImpl.java:62)
     at sun.reflect.DelegatingMethodAccessorImpl.invoke(DelegatingMethodAccessorImpl.java:43)
     at java.lang.reflect.Method.invoke(Method.java:498)
     at com.sencha.util.MethodInvoker$Arguments.invoke(MethodInvoker.java:175)
     at com.sencha.cli.Command.dispatch(Command.java:43)
     at com.sencha.cli.Commands.dispatch(Commands.java:64)
     at com.sencha.cli.Commands.dispatch(Commands.java:64)
     at com.sencha.command.Sencha.dispatch(Sencha.java:80)
     at com.sencha.command.Sencha.main(Sencha.java:151)
     at sun.reflect.NativeMethodAccessorImpl.invoke0(Native Method)
     at sun.reflect.NativeMethodAccessorImpl.invoke(NativeMethodAccessorImpl.java:62)
     at sun.reflect.DelegatingMethodAccessorImpl.invoke(DelegatingMethodAccessorImpl.java:43)
     at java.lang.reflect.Method.invoke(Method.java:498)
     at com.exe4j.runtime.LauncherEngine.launch(LauncherEngine.java:84)
     at com.install4j.runtime.launcher.UnixLauncher.start(UnixLauncher.java:66)
     at install4j.com.sencha.command.Sencha.main(Unknown Source)

